<?xml version="1.0" encoding="UTF-8"?>
<testng-results skipped="0" failed="1" ignored="0" total="4" passed="3">
  <reporter-output>
  </reporter-output>
  <suite name="Suite" duration-ms="104119" started-at="2020-06-23T05:03:13Z" finished-at="2020-06-23T05:04:57Z">
    <groups>
    </groups>
    <test name="ContactNevigation" duration-ms="15832" started-at="2020-06-23T05:03:13Z" finished-at="2020-06-23T05:03:29Z">
      <class name="Academy.E2EProject.ContactNevigation">
        <test-method status="PASS" signature="browserInstantiation()[pri:0, instance:Academy.E2EProject.ContactNevigation@434a63ab]" name="browserInstantiation" is-config="true" duration-ms="12569" started-at="2020-06-23T05:03:13Z" finished-at="2020-06-23T05:03:26Z">
          <reporter-output>
          </reporter-output>
        </test-method> <!-- browserInstantiation -->
        <test-method status="PASS" signature="getHomePage()[pri:0, instance:Academy.E2EProject.ContactNevigation@434a63ab]" name="getHomePage" duration-ms="2526" started-at="2020-06-23T05:03:26Z" finished-at="2020-06-23T05:03:28Z">
          <reporter-output>
          </reporter-output>
        </test-method> <!-- getHomePage -->
        <test-method status="PASS" signature="tearDown()[pri:0, instance:Academy.E2EProject.ContactNevigation@434a63ab]" name="tearDown" is-config="true" duration-ms="722" started-at="2020-06-23T05:03:28Z" finished-at="2020-06-23T05:03:29Z">
          <reporter-output>
          </reporter-output>
        </test-method> <!-- tearDown -->
      </class> <!-- Academy.E2EProject.ContactNevigation -->
    </test> <!-- ContactNevigation -->
    <test name="ValidateText" duration-ms="17327" started-at="2020-06-23T05:03:30Z" finished-at="2020-06-23T05:03:47Z">
      <class name="Academy.E2EProject.ValidateText">
        <test-method status="PASS" signature="browserInstantiation()[pri:0, instance:Academy.E2EProject.ValidateText@194bcebf]" name="browserInstantiation" is-config="true" duration-ms="11903" started-at="2020-06-23T05:03:30Z" finished-at="2020-06-23T05:03:42Z">
          <reporter-output>
          </reporter-output>
        </test-method> <!-- browserInstantiation -->
        <test-method status="FAIL" signature="getTextValue()[pri:0, instance:Academy.E2EProject.ValidateText@194bcebf]" name="getTextValue" duration-ms="2193" started-at="2020-06-23T05:03:42Z" finished-at="2020-06-23T05:03:44Z">
          <exception class="java.lang.AssertionError">
            <message>
              <![CDATA[expected:<FEATURED COURSES> but was:<FEATURED COURSES1>]]>
            </message>
            <full-stacktrace>
              <![CDATA[java.lang.AssertionError: expected:<FEATURED COURSES> but was:<FEATURED COURSES1>
at org.testng.AssertJUnit.assertEquals(AssertJUnit.java:101)
at org.testng.AssertJUnit.assertEquals(AssertJUnit.java:108)
at Academy.E2EProject.ValidateText.getTextValue(ValidateText.java:42)
at sun.reflect.NativeMethodAccessorImpl.invoke0(Native Method)
at sun.reflect.NativeMethodAccessorImpl.invoke(Unknown Source)
at sun.reflect.DelegatingMethodAccessorImpl.invoke(Unknown Source)
at java.lang.reflect.Method.invoke(Unknown Source)
at org.testng.internal.MethodInvocationHelper.invokeMethod(MethodInvocationHelper.java:124)
at org.testng.internal.Invoker.invokeMethod(Invoker.java:583)
at org.testng.internal.Invoker.invokeTestMethod(Invoker.java:719)
at org.testng.internal.Invoker.invokeTestMethods(Invoker.java:989)
at org.testng.internal.TestMethodWorker.invokeTestMethods(TestMethodWorker.java:125)
at org.testng.internal.TestMethodWorker.run(TestMethodWorker.java:109)
at org.testng.TestRunner.privateRun(TestRunner.java:648)
at org.testng.TestRunner.run(TestRunner.java:505)
at org.testng.SuiteRunner.runTest(SuiteRunner.java:455)
at org.testng.SuiteRunner.access$000(SuiteRunner.java:40)
at org.testng.SuiteRunner$SuiteWorker.run(SuiteRunner.java:489)
at org.testng.internal.thread.ThreadUtil$1.call(ThreadUtil.java:52)
at java.util.concurrent.FutureTask.run(Unknown Source)
at java.util.concurrent.ThreadPoolExecutor.runWorker(Unknown Source)
at java.util.concurrent.ThreadPoolExecutor$Worker.run(Unknown Source)
at java.lang.Thread.run(Unknown Source)
]]>
            </full-stacktrace>
          </exception> <!-- java.lang.AssertionError -->
          <reporter-output>
          </reporter-output>
        </test-method> <!-- getTextValue -->
        <test-method status="PASS" signature="tearDown()[pri:0, instance:Academy.E2EProject.ValidateText@194bcebf]" name="tearDown" is-config="true" duration-ms="0" started-at="2020-06-23T05:03:47Z" finished-at="2020-06-23T05:03:47Z">
          <reporter-output>
          </reporter-output>
        </test-method> <!-- tearDown -->
      </class> <!-- Academy.E2EProject.ValidateText -->
    </test> <!-- ValidateText -->
    <test name="HomePage" duration-ms="104119" started-at="2020-06-23T05:03:13Z" finished-at="2020-06-23T05:04:57Z">
      <class name="Academy.E2EProject.HomePage">
        <test-method status="PASS" signature="browserInstantiation()[pri:0, instance:Academy.E2EProject.HomePage@58695725]" name="browserInstantiation" is-config="true" duration-ms="24" started-at="2020-06-23T05:03:13Z" finished-at="2020-06-23T05:03:13Z">
          <reporter-output>
          </reporter-output>
        </test-method> <!-- browserInstantiation -->
        <test-method status="PASS" signature="loggings()[pri:0, instance:Academy.E2EProject.HomePage@58695725]" name="loggings" is-config="true" duration-ms="0" started-at="2020-06-23T05:03:13Z" finished-at="2020-06-23T05:03:13Z">
          <reporter-output>
          </reporter-output>
        </test-method> <!-- loggings -->
        <test-method status="PASS" signature="getHomePage(java.lang.String, java.lang.String)[pri:0, instance:Academy.E2EProject.HomePage@58695725]" name="getHomePage" duration-ms="66469" started-at="2020-06-23T05:03:13Z" data-provider="getData" finished-at="2020-06-23T05:04:20Z">
          <params>
            <param index="0">
              <value>
                <![CDATA[nonrestictedUser@user.com]]>
              </value>
            </param>
            <param index="1">
              <value>
                <![CDATA[nonrestictedUser123]]>
              </value>
            </param>
          </params>
          <reporter-output>
          </reporter-output>
        </test-method> <!-- getHomePage -->
        <test-method status="PASS" signature="getHomePage(java.lang.String, java.lang.String)[pri:0, instance:Academy.E2EProject.HomePage@58695725]" name="getHomePage" duration-ms="37604" started-at="2020-06-23T05:04:20Z" data-provider="getData" finished-at="2020-06-23T05:04:57Z">
          <params>
            <param index="0">
              <value>
                <![CDATA[restictedUser@user.com]]>
              </value>
            </param>
            <param index="1">
              <value>
                <![CDATA[restictedUser123]]>
              </value>
            </param>
          </params>
          <reporter-output>
          </reporter-output>
        </test-method> <!-- getHomePage -->
        <test-method status="PASS" signature="tearDown()[pri:0, instance:Academy.E2EProject.HomePage@58695725]" name="tearDown" is-config="true" duration-ms="0" started-at="2020-06-23T05:04:57Z" finished-at="2020-06-23T05:04:57Z">
          <reporter-output>
          </reporter-output>
        </test-method> <!-- tearDown -->
      </class> <!-- Academy.E2EProject.HomePage -->
    </test> <!-- HomePage -->
  </suite> <!-- Suite -->
</testng-results>
