<?xml version="1.0" encoding="UTF-8"?>
<testng-results skipped="0" failed="1" ignored="0" total="4" passed="3">
  <reporter-output>
  </reporter-output>
  <suite name="Suite" duration-ms="38256" started-at="2020-06-19T11:58:19Z" finished-at="2020-06-19T11:58:57Z">
    <groups>
    </groups>
    <test name="ValidateText" duration-ms="11765" started-at="2020-06-19T11:58:19Z" finished-at="2020-06-19T11:58:31Z">
      <class name="Academy.E2EProject.ValidateText">
        <test-method status="PASS" signature="browserInstantiation()[pri:0, instance:Academy.E2EProject.ValidateText@662b4c69]" name="browserInstantiation" is-config="true" duration-ms="8788" started-at="2020-06-19T11:58:19Z" finished-at="2020-06-19T11:58:28Z">
          <reporter-output>
          </reporter-output>
        </test-method> <!-- browserInstantiation -->
        <test-method status="FAIL" signature="getTextValue()[pri:0, instance:Academy.E2EProject.ValidateText@662b4c69]" name="getTextValue" duration-ms="1429" started-at="2020-06-19T11:58:28Z" finished-at="2020-06-19T11:58:29Z">
          <exception class="java.lang.AssertionError">
            <message>
              <![CDATA[expected:<FEATURED COURSES> but was:<FEATURED COURSES1>]]>
            </message>
            <full-stacktrace>
              <![CDATA[java.lang.AssertionError: expected:<FEATURED COURSES> but was:<FEATURED COURSES1>
at org.testng.AssertJUnit.assertEquals(AssertJUnit.java:101)
at org.testng.AssertJUnit.assertEquals(AssertJUnit.java:108)
at Academy.E2EProject.ValidateText.getTextValue(ValidateText.java:42)
at sun.reflect.NativeMethodAccessorImpl.invoke0(Native Method)
at sun.reflect.NativeMethodAccessorImpl.invoke(NativeMethodAccessorImpl.java:62)
at sun.reflect.DelegatingMethodAccessorImpl.invoke(DelegatingMethodAccessorImpl.java:43)
at java.lang.reflect.Method.invoke(Method.java:498)
at org.testng.internal.MethodInvocationHelper.invokeMethod(MethodInvocationHelper.java:124)
at org.testng.internal.Invoker.invokeMethod(Invoker.java:583)
at org.testng.internal.Invoker.invokeTestMethod(Invoker.java:719)
at org.testng.internal.Invoker.invokeTestMethods(Invoker.java:989)
at org.testng.internal.TestMethodWorker.invokeTestMethods(TestMethodWorker.java:125)
at org.testng.internal.TestMethodWorker.run(TestMethodWorker.java:109)
at org.testng.TestRunner.privateRun(TestRunner.java:648)
at org.testng.TestRunner.run(TestRunner.java:505)
at org.testng.SuiteRunner.runTest(SuiteRunner.java:455)
at org.testng.SuiteRunner.access$000(SuiteRunner.java:40)
at org.testng.SuiteRunner$SuiteWorker.run(SuiteRunner.java:489)
at org.testng.internal.thread.ThreadUtil$1.call(ThreadUtil.java:52)
at java.util.concurrent.FutureTask.run(FutureTask.java:266)
at java.util.concurrent.ThreadPoolExecutor.runWorker(ThreadPoolExecutor.java:1142)
at java.util.concurrent.ThreadPoolExecutor$Worker.run(ThreadPoolExecutor.java:617)
at java.lang.Thread.run(Thread.java:745)
]]>
            </full-stacktrace>
          </exception> <!-- java.lang.AssertionError -->
          <reporter-output>
          </reporter-output>
        </test-method> <!-- getTextValue -->
        <test-method status="PASS" signature="tearDown()[pri:0, instance:Academy.E2EProject.ValidateText@662b4c69]" name="tearDown" is-config="true" duration-ms="0" started-at="2020-06-19T11:58:31Z" finished-at="2020-06-19T11:58:31Z">
          <reporter-output>
          </reporter-output>
        </test-method> <!-- tearDown -->
      </class> <!-- Academy.E2EProject.ValidateText -->
    </test> <!-- ValidateText -->
    <test name="ContactNevigation" duration-ms="16041" started-at="2020-06-19T11:58:19Z" finished-at="2020-06-19T11:58:35Z">
      <class name="Academy.E2EProject.ContactNevigation">
        <test-method status="PASS" signature="browserInstantiation()[pri:0, instance:Academy.E2EProject.ContactNevigation@32b260fa]" name="browserInstantiation" is-config="true" duration-ms="11831" started-at="2020-06-19T11:58:19Z" finished-at="2020-06-19T11:58:31Z">
          <reporter-output>
          </reporter-output>
        </test-method> <!-- browserInstantiation -->
        <test-method status="PASS" signature="getHomePage()[pri:0, instance:Academy.E2EProject.ContactNevigation@32b260fa]" name="getHomePage" duration-ms="3190" started-at="2020-06-19T11:58:31Z" finished-at="2020-06-19T11:58:34Z">
          <reporter-output>
          </reporter-output>
        </test-method> <!-- getHomePage -->
        <test-method status="PASS" signature="tearDown()[pri:0, instance:Academy.E2EProject.ContactNevigation@32b260fa]" name="tearDown" is-config="true" duration-ms="1011" started-at="2020-06-19T11:58:34Z" finished-at="2020-06-19T11:58:35Z">
          <reporter-output>
          </reporter-output>
        </test-method> <!-- tearDown -->
      </class> <!-- Academy.E2EProject.ContactNevigation -->
    </test> <!-- ContactNevigation -->
    <test name="HomePage" duration-ms="38256" started-at="2020-06-19T11:58:19Z" finished-at="2020-06-19T11:58:57Z">
      <class name="Academy.E2EProject.HomePage">
        <test-method status="PASS" signature="browserInstantiation()[pri:0, instance:Academy.E2EProject.HomePage@3514a4c0]" name="browserInstantiation" is-config="true" duration-ms="9" started-at="2020-06-19T11:58:19Z" finished-at="2020-06-19T11:58:19Z">
          <reporter-output>
          </reporter-output>
        </test-method> <!-- browserInstantiation -->
        <test-method status="PASS" signature="getHomePage(java.lang.String, java.lang.String)[pri:0, instance:Academy.E2EProject.HomePage@3514a4c0]" name="getHomePage" duration-ms="22012" started-at="2020-06-19T11:58:19Z" data-provider="getData" finished-at="2020-06-19T11:58:41Z">
          <params>
            <param index="0">
              <value>
                <![CDATA[nonrestictedUser@user.com]]>
              </value>
            </param>
            <param index="1">
              <value>
                <![CDATA[nonrestictedUser123]]>
              </value>
            </param>
          </params>
          <reporter-output>
          </reporter-output>
        </test-method> <!-- getHomePage -->
        <test-method status="PASS" signature="getHomePage(java.lang.String, java.lang.String)[pri:0, instance:Academy.E2EProject.HomePage@3514a4c0]" name="getHomePage" duration-ms="16205" started-at="2020-06-19T11:58:41Z" data-provider="getData" finished-at="2020-06-19T11:58:57Z">
          <params>
            <param index="0">
              <value>
                <![CDATA[restictedUser@user.com]]>
              </value>
            </param>
            <param index="1">
              <value>
                <![CDATA[restictedUser123]]>
              </value>
            </param>
          </params>
          <reporter-output>
          </reporter-output>
        </test-method> <!-- getHomePage -->
        <test-method status="PASS" signature="tearDown()[pri:0, instance:Academy.E2EProject.HomePage@3514a4c0]" name="tearDown" is-config="true" duration-ms="0" started-at="2020-06-19T11:58:57Z" finished-at="2020-06-19T11:58:57Z">
          <reporter-output>
          </reporter-output>
        </test-method> <!-- tearDown -->
      </class> <!-- Academy.E2EProject.HomePage -->
    </test> <!-- HomePage -->
  </suite> <!-- Suite -->
</testng-results>
